23:21:49 **** Build of configuration Debug for project STM32F103C8T6_EmptyTest ****
make -j12 all 
arm-none-eabi-gcc "../Src/main.c" -mcpu=cortex-m3 -std=gnu11 -g3 -DSTM32 -DSTM32F1 -DSTM32F103C8Tx -DDEBUG -c -I../Inc -O0 -ffunction-sections -fdata-sections -Wall -fstack-usage -fcyclomatic-complexity -MMD -MP -MF"Src/main.d" -MT"Src/main.o" --specs=nano.specs -mfloat-abi=soft -mthumb -o "Src/main.o"
arm-none-eabi-gcc "../Inc/STM32F1xx_HAL_Driver/Src/stm32f1xx_ll_utils.c" -mcpu=cortex-m3 -std=gnu11 -g3 -DSTM32 -DSTM32F1 -DSTM32F103C8Tx -DDEBUG -c -I../Inc -O0 -ffunction-sections -fdata-sections -Wall -fstack-usage -fcyclomatic-complexity -MMD -MP -MF"Inc/STM32F1xx_HAL_Driver/Src/stm32f1xx_ll_utils.d" -MT"Inc/STM32F1xx_HAL_Driver/Src/stm32f1xx_ll_utils.o" --specs=nano.specs -mfloat-abi=soft -mthumb -o "Inc/STM32F1xx_HAL_Driver/Src/stm32f1xx_ll_utils.o"
../Inc/STM32F1xx_HAL_Driver/Src/stm32f1xx_ll_utils.c:21:10: fatal error: stm32f1xx_ll_rcc.h: No such file or directory
   21 | #include "stm32f1xx_ll_rcc.h"
      |          ^~~~~~~~~~~~~~~~~~~~
compilation terminated.
make: *** [Inc/STM32F1xx_HAL_Driver/Src/subdir.mk:37: Inc/STM32F1xx_HAL_Driver/Src/stm32f1xx_ll_utils.o] Error 1
make: *** Waiting for unfinished jobs....
../Src/main.c:2:10: fatal error: stm32f1xx_ll_system.h: No such file or directory
    2 | #include <stm32f1xx_ll_system.h>
      |          ^~~~~~~~~~~~~~~~~~~~~~~
compilation terminated.
make: *** [Src/subdir.mk:19: Src/main.o] Error 1
"make -j12 all" terminated with exit code 2. Build might be incomplete.

23:21:49 Build Failed. 5 errors, 0 warnings. (took 299ms)

